<?xml version='1.0' encoding='UTF-8'?>
<testsuite hostname="DESKTOP-6J5U4IN" name="com.ica.customer.utilities.CustomerUtilitiesTest" tests="7" errors="0" failures="0" skipped="0" time="36.007">
                     <properties>
[...]
</properties>
                     <testcase classname="com.ica.customer.utilities.CustomerUtilitiesTest" name="Unit test case to check whether customer weekwise status dataframe count is not zero" time="13.507">
                                                 
                                               </testcase><testcase classname="com.ica.customer.utilities.CustomerUtilitiesTest" name="Unit test case to check number of columns is expected" time="0.304">
                                                 
                                               </testcase><testcase classname="com.ica.customer.utilities.CustomerUtilitiesTest" name="Unit test case to find whether customer weekwise status dataframe has new columns in it or not" time="0.101">
                                                 
                                               </testcase><testcase classname="com.ica.customer.utilities.CustomerUtilitiesTest" name="Test for check weekly overall transaction details" time="11.376">
                                                 
                                               </testcase><testcase classname="com.ica.customer.utilities.CustomerUtilitiesTest" name="Test for customer transaction" time="0.014">
                                                 
                                               </testcase><testcase classname="com.ica.customer.utilities.CustomerUtilitiesTest" name="Test for agewise transaction data of customer's" time="10.702">
                                                 
                                               </testcase><testcase classname="com.ica.customer.utilities.CustomerUtilitiesTest" name="Unit test case for transaction data to capture null" time="0.003">
                                                 
                                               </testcase>
                     <system-out><![CDATA[]]></system-out>
                     <system-err><![CDATA[]]></system-err>
                   </testsuite>