<?xml version="1.0"?>
<!DOCTYPE coverage SYSTEM "http://cobertura.sourceforge.net/xml/coverage-04.dtd">
<coverage 
line-rate="0.83" lines-valid="146" lines-covered="121" branches-valid="0" branches-covered="0" branch-rate="1.00" complexity="0" version="1.0" timestamp="1591032102495">
    <sources>
        <source>--source</source>
        <source>C:/Users/yuvas/IdeaProjects/ICA_POC/src/main/scala</source>
    </sources>
    <packages>
        <package name="com.ica.customer.implementation" line-rate="0.00" branch-rate="0.00" complexity="0">
            <classes>
                <class 
                name="com.ica.customer.implementation.CustomerMain" filename="com/ica/customer/implementation/CustomerMain.scala" line-rate="0.00" branch-rate="0.00" complexity="0">
                    <methods>
                        <method 
                        name="com.ica.customer.implementation/CustomerMain/main" signature="()V" line-rate="0.00" branch-rate="0.00" complexity="0">
                            <lines>
                                <line number="55" hits="0" branch="false"/>
                                <line number="32" hits="0" branch="false"/>
                                <line number="45" hits="0" branch="false"/>
                                <line number="36" hits="0" branch="false"/>
                                <line number="50" hits="0" branch="false"/>
                                <line number="26" hits="0" branch="false"/>
                                <line number="30" hits="0" branch="false"/>
                                <line number="40" hits="0" branch="false"/>
                                <line number="38" hits="0" branch="false"/>
                                <line number="28" hits="0" branch="false"/>
                                <line number="54" hits="0" branch="false"/>
                                <line number="42" hits="0" branch="false"/>
                                <line number="31" hits="0" branch="false"/>
                                <line number="35" hits="0" branch="false"/>
                                <line number="25" hits="0" branch="false"/>
                                <line number="49" hits="0" branch="false"/>
                                <line number="33" hits="0" branch="false"/>
                                <line number="46" hits="0" branch="false"/>
                                <line number="53" hits="0" branch="false"/>
                                <line number="37" hits="0" branch="false"/>
                                <line number="27" hits="0" branch="false"/>
                                <line number="41" hits="0" branch="false"/>
                                <line number="30" hits="0" branch="false"/>
                            </lines>
</method>
                    </methods>
                    <lines>
                        <line number="55" hits="0" branch="false"/>
                        <line number="32" hits="0" branch="false"/>
                        <line number="45" hits="0" branch="false"/>
                        <line number="36" hits="0" branch="false"/>
                        <line number="50" hits="0" branch="false"/>
                        <line number="26" hits="0" branch="false"/>
                        <line number="30" hits="0" branch="false"/>
                        <line number="40" hits="0" branch="false"/>
                        <line number="38" hits="0" branch="false"/>
                        <line number="28" hits="0" branch="false"/>
                        <line number="54" hits="0" branch="false"/>
                        <line number="42" hits="0" branch="false"/>
                        <line number="31" hits="0" branch="false"/>
                        <line number="35" hits="0" branch="false"/>
                        <line number="25" hits="0" branch="false"/>
                        <line number="49" hits="0" branch="false"/>
                        <line number="33" hits="0" branch="false"/>
                        <line number="46" hits="0" branch="false"/>
                        <line number="53" hits="0" branch="false"/>
                        <line number="37" hits="0" branch="false"/>
                        <line number="27" hits="0" branch="false"/>
                        <line number="41" hits="0" branch="false"/>
                        <line number="30" hits="0" branch="false"/>
                    </lines>
</class>
            </classes>
        </package>
        <package name="com.ica.customer.info" line-rate="0.99" branch-rate="1.00" complexity="0">
            <classes>
                <class 
                name="com.ica.customer.info.CustomerFlatten" filename="com/ica/customer/info/CustomerFlatten.scala" line-rate="0.97" branch-rate="1.00" complexity="0">
                    <methods>
                        <method 
                        name="com.ica.customer.info/CustomerFlatten/callCustomerInfo" signature="()V" line-rate="1.00" branch-rate="1.00" complexity="0">
                            <lines>
                                <line number="82" hits="1" branch="false"/>
                                <line number="86" hits="1" branch="false"/>
                                <line number="82" hits="1" branch="false"/>
                                <line number="83" hits="1" branch="false"/>
                                <line number="83" hits="1" branch="false"/>
                                <line number="82" hits="1" branch="false"/>
                                <line number="82" hits="1" branch="false"/>
                            </lines>
</method>
                        <method 
                        name="com.ica.customer.info/CustomerFlatten/getCustomerInfoDataFrame" signature="()V" line-rate="1.00" branch-rate="1.00" complexity="0">
                            <lines>
                                <line number="55" hits="1" branch="false"/>
                                <line number="47" hits="1" branch="false"/>
                                <line number="49" hits="1" branch="false"/>
                            </lines>
</method>
                        <method 
                        name="com.ica.customer.info/CustomerFlatten/&lt;none&gt;" signature="()V" line-rate="0.95" branch-rate="1.00" complexity="0">
                            <lines>
                                <line number="67" hits="1" branch="false"/>
                                <line number="60" hits="1" branch="false"/>
                                <line number="69" hits="1" branch="false"/>
                                <line number="34" hits="1" branch="false"/>
                                <line number="65" hits="1" branch="false"/>
                                <line number="37" hits="1" branch="false"/>
                                <line number="63" hits="1" branch="false"/>
                                <line number="72" hits="0" branch="false"/>
                                <line number="66" hits="1" branch="false"/>
                                <line number="64" hits="1" branch="false"/>
                                <line number="33" hits="1" branch="false"/>
                                <line number="60" hits="1" branch="false"/>
                                <line number="62" hits="1" branch="false"/>
                                <line number="36" hits="1" branch="false"/>
                                <line number="71" hits="1" branch="false"/>
                                <line number="35" hits="1" branch="false"/>
                                <line number="61" hits="1" branch="false"/>
                                <line number="66" hits="1" branch="false"/>
                                <line number="67" hits="1" branch="false"/>
                                <line number="59" hits="1" branch="false"/>
                                <line number="32" hits="1" branch="false"/>
                            </lines>
</method>
                    </methods>
                    <lines>
                        <line number="82" hits="1" branch="false"/>
                        <line number="67" hits="1" branch="false"/>
                        <line number="55" hits="1" branch="false"/>
                        <line number="86" hits="1" branch="false"/>
                        <line number="60" hits="1" branch="false"/>
                        <line number="69" hits="1" branch="false"/>
                        <line number="34" hits="1" branch="false"/>
                        <line number="65" hits="1" branch="false"/>
                        <line number="37" hits="1" branch="false"/>
                        <line number="63" hits="1" branch="false"/>
                        <line number="72" hits="0" branch="false"/>
                        <line number="82" hits="1" branch="false"/>
                        <line number="66" hits="1" branch="false"/>
                        <line number="47" hits="1" branch="false"/>
                        <line number="64" hits="1" branch="false"/>
                        <line number="83" hits="1" branch="false"/>
                        <line number="33" hits="1" branch="false"/>
                        <line number="60" hits="1" branch="false"/>
                        <line number="62" hits="1" branch="false"/>
                        <line number="36" hits="1" branch="false"/>
                        <line number="71" hits="1" branch="false"/>
                        <line number="83" hits="1" branch="false"/>
                        <line number="35" hits="1" branch="false"/>
                        <line number="61" hits="1" branch="false"/>
                        <line number="82" hits="1" branch="false"/>
                        <line number="49" hits="1" branch="false"/>
                        <line number="66" hits="1" branch="false"/>
                        <line number="67" hits="1" branch="false"/>
                        <line number="82" hits="1" branch="false"/>
                        <line number="59" hits="1" branch="false"/>
                        <line number="32" hits="1" branch="false"/>
                    </lines>
</class>
                <class 
                name="com.ica.customer.info.CustomerTransactionFlatten" filename="com/ica/customer/info/CustomerTransactionFlatten.scala" line-rate="1.00" branch-rate="1.00" complexity="0">
                    <methods>
                        <method 
                        name="com.ica.customer.info/CustomerTransactionFlatten/&lt;none&gt;" signature="()V" line-rate="1.00" branch-rate="1.00" complexity="0">
                            <lines>
                                <line number="28" hits="1" branch="false"/>
                            </lines>
</method>
                        <method 
                        name="com.ica.customer.info/CustomerTransactionFlatten/callCustomerTransaction" signature="()V" line-rate="1.00" branch-rate="1.00" complexity="0">
                            <lines>
                                <line number="55" hits="1" branch="false"/>
                                <line number="56" hits="1" branch="false"/>
                                <line number="55" hits="1" branch="false"/>
                                <line number="55" hits="1" branch="false"/>
                                <line number="56" hits="1" branch="false"/>
                                <line number="56" hits="1" branch="false"/>
                                <line number="55" hits="1" branch="false"/>
                                <line number="56" hits="1" branch="false"/>
                                <line number="55" hits="1" branch="false"/>
                                <line number="56" hits="1" branch="false"/>
                            </lines>
</method>
                        <method 
                        name="com.ica.customer.info/CustomerTransactionFlatten/getTransactionDataFrame" signature="()V" line-rate="1.00" branch-rate="1.00" complexity="0">
                            <lines>
                                <line number="36" hits="1" branch="false"/>
                                <line number="38" hits="1" branch="false"/>
                                <line number="44" hits="1" branch="false"/>
                            </lines>
</method>
                    </methods>
                    <lines>
                        <line number="55" hits="1" branch="false"/>
                        <line number="56" hits="1" branch="false"/>
                        <line number="36" hits="1" branch="false"/>
                        <line number="55" hits="1" branch="false"/>
                        <line number="55" hits="1" branch="false"/>
                        <line number="38" hits="1" branch="false"/>
                        <line number="56" hits="1" branch="false"/>
                        <line number="56" hits="1" branch="false"/>
                        <line number="55" hits="1" branch="false"/>
                        <line number="44" hits="1" branch="false"/>
                        <line number="56" hits="1" branch="false"/>
                        <line number="55" hits="1" branch="false"/>
                        <line number="28" hits="1" branch="false"/>
                        <line number="56" hits="1" branch="false"/>
                    </lines>
</class>
                <class 
                name="com.ica.customer.info.CustomerOfferFlatten" filename="com/ica/customer/info/CustomerOfferFlatten.scala" line-rate="1.00" branch-rate="1.00" complexity="0">
                    <methods>
                        <method 
                        name="com.ica.customer.info/CustomerOfferFlatten/customerOfferCall" signature="()V" line-rate="1.00" branch-rate="1.00" complexity="0">
                            <lines>
                                <line number="87" hits="1" branch="false"/>
                                <line number="83" hits="1" branch="false"/>
                                <line number="83" hits="1" branch="false"/>
                                <line number="82" hits="1" branch="false"/>
                                <line number="83" hits="1" branch="false"/>
                                <line number="82" hits="1" branch="false"/>
                                <line number="82" hits="1" branch="false"/>
                                <line number="83" hits="1" branch="false"/>
                                <line number="83" hits="1" branch="false"/>
                                <line number="82" hits="1" branch="false"/>
                                <line number="83" hits="1" branch="false"/>
                                <line number="82" hits="1" branch="false"/>
                            </lines>
</method>
                        <method 
                        name="com.ica.customer.info/CustomerOfferFlatten/getWeeksOfYear" signature="()V" line-rate="1.00" branch-rate="1.00" complexity="0">
                            <lines>
                                <line number="63" hits="1" branch="false"/>
                                <line number="62" hits="1" branch="false"/>
                                <line number="70" hits="1" branch="false"/>
                                <line number="63" hits="1" branch="false"/>
                                <line number="63" hits="1" branch="false"/>
                                <line number="63" hits="1" branch="false"/>
                                <line number="69" hits="1" branch="false"/>
                                <line number="61" hits="1" branch="false"/>
                                <line number="60" hits="1" branch="false"/>
                                <line number="62" hits="1" branch="false"/>
                                <line number="63" hits="1" branch="false"/>
                            </lines>
</method>
                        <method 
                        name="com.ica.customer.info/CustomerOfferFlatten/getCustomerOfferDataFrame" signature="()V" line-rate="1.00" branch-rate="1.00" complexity="0">
                            <lines>
                                <line number="48" hits="1" branch="false"/>
                                <line number="39" hits="1" branch="false"/>
                                <line number="49" hits="1" branch="false"/>
                                <line number="42" hits="1" branch="false"/>
                            </lines>
</method>
                        <method 
                        name="com.ica.customer.info/CustomerOfferFlatten/&lt;none&gt;" signature="()V" line-rate="1.00" branch-rate="1.00" complexity="0">
                            <lines>
                                <line number="31" hits="1" branch="false"/>
                                <line number="30" hits="1" branch="false"/>
                            </lines>
</method>
                    </methods>
                    <lines>
                        <line number="87" hits="1" branch="false"/>
                        <line number="83" hits="1" branch="false"/>
                        <line number="48" hits="1" branch="false"/>
                        <line number="63" hits="1" branch="false"/>
                        <line number="62" hits="1" branch="false"/>
                        <line number="83" hits="1" branch="false"/>
                        <line number="70" hits="1" branch="false"/>
                        <line number="82" hits="1" branch="false"/>
                        <line number="31" hits="1" branch="false"/>
                        <line number="63" hits="1" branch="false"/>
                        <line number="83" hits="1" branch="false"/>
                        <line number="30" hits="1" branch="false"/>
                        <line number="63" hits="1" branch="false"/>
                        <line number="82" hits="1" branch="false"/>
                        <line number="39" hits="1" branch="false"/>
                        <line number="63" hits="1" branch="false"/>
                        <line number="82" hits="1" branch="false"/>
                        <line number="83" hits="1" branch="false"/>
                        <line number="69" hits="1" branch="false"/>
                        <line number="61" hits="1" branch="false"/>
                        <line number="49" hits="1" branch="false"/>
                        <line number="60" hits="1" branch="false"/>
                        <line number="83" hits="1" branch="false"/>
                        <line number="62" hits="1" branch="false"/>
                        <line number="82" hits="1" branch="false"/>
                        <line number="83" hits="1" branch="false"/>
                        <line number="42" hits="1" branch="false"/>
                        <line number="82" hits="1" branch="false"/>
                        <line number="63" hits="1" branch="false"/>
                    </lines>
</class>
            </classes>
        </package>
        <package name="com.ica.customer.session" line-rate="1.00" branch-rate="1.00" complexity="0">
            <classes>
                <class 
                name="com.ica.customer.session.SessionInit" filename="com/ica/customer/session/SessionInit.scala" line-rate="1.00" branch-rate="1.00" complexity="0">
                    <methods>
                        <method 
                        name="com.ica.customer.session/SessionInit/&lt;none&gt;" signature="()V" line-rate="1.00" branch-rate="1.00" complexity="0">
                            <lines>
                                <line number="20" hits="1" branch="false"/>
                            </lines>
</method>
                    </methods>
                    <lines>
                        <line number="20" hits="1" branch="false"/>
                    </lines>
</class>
            </classes>
        </package>
        <package name="com.ica.customer.utilities" line-rate="0.98" branch-rate="1.00" complexity="0">
            <classes>
                <class 
                name="com.ica.customer.utilities.CustomerUtilities" filename="com/ica/customer/utilities/CustomerUtilities.scala" line-rate="0.98" branch-rate="1.00" complexity="0">
                    <methods>
                        <method 
                        name="com.ica.customer.utilities/CustomerUtilities/customerTransactionResult" signature="()V" line-rate="1.00" branch-rate="1.00" complexity="0">
                            <lines>
                                <line number="87" hits="1" branch="false"/>
                            </lines>
</method>
                        <method 
                        name="com.ica.customer.utilities/CustomerUtilities/transactionOnAgeGroupWise" signature="()V" line-rate="1.00" branch-rate="1.00" complexity="0">
                            <lines>
                                <line number="111" hits="1" branch="false"/>
                                <line number="104" hits="1" branch="false"/>
                                <line number="99" hits="1" branch="false"/>
                                <line number="100" hits="1" branch="false"/>
                                <line number="104" hits="1" branch="false"/>
                                <line number="101" hits="1" branch="false"/>
                                <line number="105" hits="1" branch="false"/>
                                <line number="101" hits="1" branch="false"/>
                                <line number="103" hits="1" branch="false"/>
                                <line number="98" hits="1" branch="false"/>
                                <line number="104" hits="1" branch="false"/>
                                <line number="100" hits="1" branch="false"/>
                                <line number="99" hits="1" branch="false"/>
                                <line number="104" hits="1" branch="false"/>
                                <line number="101" hits="1" branch="false"/>
                                <line number="105" hits="1" branch="false"/>
                                <line number="105" hits="1" branch="false"/>
                                <line number="103" hits="1" branch="false"/>
                                <line number="105" hits="1" branch="false"/>
                            </lines>
</method>
                        <method 
                        name="com.ica.customer.utilities/CustomerUtilities/customerOverAllWeeklyStatus" signature="()V" line-rate="0.92" branch-rate="1.00" complexity="0">
                            <lines>
                                <line number="69" hits="1" branch="false"/>
                                <line number="71" hits="1" branch="false"/>
                                <line number="64" hits="1" branch="false"/>
                                <line number="66" hits="1" branch="false"/>
                                <line number="71" hits="1" branch="false"/>
                                <line number="65" hits="1" branch="false"/>
                                <line number="68" hits="1" branch="false"/>
                                <line number="71" hits="1" branch="false"/>
                                <line number="70" hits="1" branch="false"/>
                                <line number="71" hits="1" branch="false"/>
                                <line number="78" hits="0" branch="false"/>
                                <line number="67" hits="1" branch="false"/>
                            </lines>
</method>
                        <method 
                        name="com.ica.customer.utilities/CustomerUtilities/customerWiseweeklyStatus" signature="()V" line-rate="1.00" branch-rate="1.00" complexity="0">
                            <lines>
                                <line number="51" hits="1" branch="false"/>
                                <line number="54" hits="1" branch="false"/>
                                <line number="51" hits="1" branch="false"/>
                                <line number="54" hits="1" branch="false"/>
                                <line number="53" hits="1" branch="false"/>
                                <line number="52" hits="1" branch="false"/>
                                <line number="48" hits="1" branch="false"/>
                                <line number="54" hits="1" branch="false"/>
                                <line number="51" hits="1" branch="false"/>
                                <line number="54" hits="1" branch="false"/>
                                <line number="52" hits="1" branch="false"/>
                                <line number="54" hits="1" branch="false"/>
                                <line number="43" hits="1" branch="false"/>
                                <line number="53" hits="1" branch="false"/>
                                <line number="51" hits="1" branch="false"/>
                                <line number="54" hits="1" branch="false"/>
                            </lines>
</method>
                    </methods>
                    <lines>
                        <line number="111" hits="1" branch="false"/>
                        <line number="104" hits="1" branch="false"/>
                        <line number="51" hits="1" branch="false"/>
                        <line number="54" hits="1" branch="false"/>
                        <line number="99" hits="1" branch="false"/>
                        <line number="69" hits="1" branch="false"/>
                        <line number="51" hits="1" branch="false"/>
                        <line number="100" hits="1" branch="false"/>
                        <line number="71" hits="1" branch="false"/>
                        <line number="104" hits="1" branch="false"/>
                        <line number="54" hits="1" branch="false"/>
                        <line number="101" hits="1" branch="false"/>
                        <line number="64" hits="1" branch="false"/>
                        <line number="66" hits="1" branch="false"/>
                        <line number="53" hits="1" branch="false"/>
                        <line number="105" hits="1" branch="false"/>
                        <line number="71" hits="1" branch="false"/>
                        <line number="101" hits="1" branch="false"/>
                        <line number="52" hits="1" branch="false"/>
                        <line number="65" hits="1" branch="false"/>
                        <line number="87" hits="1" branch="false"/>
                        <line number="68" hits="1" branch="false"/>
                        <line number="103" hits="1" branch="false"/>
                        <line number="48" hits="1" branch="false"/>
                        <line number="54" hits="1" branch="false"/>
                        <line number="98" hits="1" branch="false"/>
                        <line number="104" hits="1" branch="false"/>
                        <line number="100" hits="1" branch="false"/>
                        <line number="71" hits="1" branch="false"/>
                        <line number="51" hits="1" branch="false"/>
                        <line number="54" hits="1" branch="false"/>
                        <line number="99" hits="1" branch="false"/>
                        <line number="104" hits="1" branch="false"/>
                        <line number="70" hits="1" branch="false"/>
                        <line number="101" hits="1" branch="false"/>
                        <line number="105" hits="1" branch="false"/>
                        <line number="52" hits="1" branch="false"/>
                        <line number="71" hits="1" branch="false"/>
                        <line number="54" hits="1" branch="false"/>
                        <line number="43" hits="1" branch="false"/>
                        <line number="105" hits="1" branch="false"/>
                        <line number="78" hits="0" branch="false"/>
                        <line number="103" hits="1" branch="false"/>
                        <line number="53" hits="1" branch="false"/>
                        <line number="67" hits="1" branch="false"/>
                        <line number="51" hits="1" branch="false"/>
                        <line number="54" hits="1" branch="false"/>
                        <line number="105" hits="1" branch="false"/>
                    </lines>
</class>
            </classes>
        </package>
    </packages>
</coverage>
